2:P:\workspace\Dev\Koscom\ESLint_Guide\src\FD\AccInfo.js
451:P:\workspace\Dev\Koscom\ESLint_Guide\src\FD\AccNetManager.js
1182:P:\workspace\Dev\Koscom\ESLint_Guide\src\FD\BankInfo.js
1439:P:\workspace\Dev\Koscom\ESLint_Guide\src\FD\BasePage.js
1709:P:\workspace\Dev\Koscom\ESLint_Guide\src\FD\BaseWindow.js
2097:P:\workspace\Dev\Koscom\ESLint_Guide\src\FD\ConfigInfo.js
2166:P:\workspace\Dev\Koscom\ESLint_Guide\src\FD\ConnectManager.js
2648:P:\workspace\Dev\Koscom\ESLint_Guide\src\FD\Define.js
2773:P:\workspace\Dev\Koscom\ESLint_Guide\src\FD\DistNetManager.js
2920:P:\workspace\Dev\Koscom\ESLint_Guide\src\FD\FrmPage.js
3172:P:\workspace\Dev\Koscom\ESLint_Guide\src\FD\FrmPage2.js
3514:P:\workspace\Dev\Koscom\ESLint_Guide\src\FD\HistoryInfo.js
3791:P:\workspace\Dev\Koscom\ESLint_Guide\src\FD\InfoNetManager.js
3794:P:\workspace\Dev\Koscom\ESLint_Guide\src\FD\InterestInfo.js
5333:P:\workspace\Dev\Koscom\ESLint_Guide\src\FD\LoginManager.js
6274:P:\workspace\Dev\Koscom\ESLint_Guide\src\FD\MenuInfo.js
6608:P:\workspace\Dev\Koscom\ESLint_Guide\src\FD\Message.js
6655:P:\workspace\Dev\Koscom\ESLint_Guide\src\FD\MetaInfo.js
6727:P:\workspace\Dev\Koscom\ESLint_Guide\src\FD\NetManager.js
6943:P:\workspace\Dev\Koscom\ESLint_Guide\src\FD\Notice.js
7147:P:\workspace\Dev\Koscom\ESLint_Guide\src\FD\OCRManager.js
7171:P:\workspace\Dev\Koscom\ESLint_Guide\src\FD\PensionCommon.js
7174:P:\workspace\Dev\Koscom\ESLint_Guide\src\FD\PrefInfo.js
7327:P:\workspace\Dev\Koscom\ESLint_Guide\src\FD\QryRequest.js
7412:P:\workspace\Dev\Koscom\ESLint_Guide\src\FD\SmsCertManager.js
7806:P:\workspace\Dev\Koscom\ESLint_Guide\src\FD\SystemInfo.js
8117:P:\workspace\Dev\Koscom\ESLint_Guide\src\FD\UserInfo.js
8321:P:\workspace\Dev\Koscom\ESLint_Guide\src\FD\Utils.js
8748:P:\workspace\Dev\Koscom\ESLint_Guide\src\FD\Version.js
8753:P:\workspace\Dev\Koscom\ESLint_Guide\src\FD\ext\ATickerView.js
8952:P:\workspace\Dev\Koscom\ESLint_Guide\src\FD\ext\ArrowScrollPivotView.js
9112:P:\workspace\Dev\Koscom\ESLint_Guide\src\FD\ext\ByteCheckView.js
9236:P:\workspace\Dev\Koscom\ESLint_Guide\src\FD\ext\DropBoxType1.js
9437:P:\workspace\Dev\Koscom\ESLint_Guide\src\FD\ext\DropBoxType2.js
9651:P:\workspace\Dev\Koscom\ESLint_Guide\src\FD\ext\FixedGrid.js
9809:P:\workspace\Dev\Koscom\ESLint_Guide\src\FD\ext\InvestGrid.js
9916:P:\workspace\Dev\Koscom\ESLint_Guide\src\FD\ext\MapView.js
10032:P:\workspace\Dev\Koscom\ESLint_Guide\src\FD\ext\NativeWebView.js
10064:P:\workspace\Dev\Koscom\ESLint_Guide\src\FD\ext\QuickToolbar.js
10408:P:\workspace\Dev\Koscom\ESLint_Guide\src\FD\ext\SVGLineChart.js
10697:P:\workspace\Dev\Koscom\ESLint_Guide\src\FD\ext\ScrollToolView.js
10905:P:\workspace\Dev\Koscom\ESLint_Guide\src\FD\ext\SlideView.js
11106:P:\workspace\Dev\Koscom\ESLint_Guide\src\FD\ext\StockGrid.js
11184:P:\workspace\Dev\Koscom\ESLint_Guide\src\FD\ext\StockLabel.js
11245:P:\workspace\Dev\Koscom\ESLint_Guide\src\FD\page\FD0001.js
11557:P:\workspace\Dev\Koscom\ESLint_Guide\src\FD\page\FD0002.js
11603:P:\workspace\Dev\Koscom\ESLint_Guide\src\FD\page\FD0005.js
11786:P:\workspace\Dev\Koscom\ESLint_Guide\src\FD\page\FD1101.js
11807:P:\workspace\Dev\Koscom\ESLint_Guide\src\FD\page\FD1102.js
11831:P:\workspace\Dev\Koscom\ESLint_Guide\src\FD\page\FD1103.js
11855:P:\workspace\Dev\Koscom\ESLint_Guide\src\FD\page\FD1201.js
11986:P:\workspace\Dev\Koscom\ESLint_Guide\src\FD\page\FD1202.js
12091:P:\workspace\Dev\Koscom\ESLint_Guide\src\FD\page\FD1203.js
12196:P:\workspace\Dev\Koscom\ESLint_Guide\src\FD\page\FD1204.js
12309:P:\workspace\Dev\Koscom\ESLint_Guide\src\FD\page\FD1205.js
12467:P:\workspace\Dev\Koscom\ESLint_Guide\src\FD\page\FD1301.js
12637:P:\workspace\Dev\Koscom\ESLint_Guide\src\FD\page\FD1302.js
13057:P:\workspace\Dev\Koscom\ESLint_Guide\src\FD\page\FD1303.js
13085:P:\workspace\Dev\Koscom\ESLint_Guide\src\FD\page\FD1304.js
14152:P:\workspace\Dev\Koscom\ESLint_Guide\src\FD\page\FD1305.js
14180:P:\workspace\Dev\Koscom\ESLint_Guide\src\FD\page\FD1401.js
14883:P:\workspace\Dev\Koscom\ESLint_Guide\src\FD\page\FD1402.js
15042:P:\workspace\Dev\Koscom\ESLint_Guide\src\FD\page\FD1403.js
15539:P:\workspace\Dev\Koscom\ESLint_Guide\src\FD\page\FD1501.js
15560:P:\workspace\Dev\Koscom\ESLint_Guide\src\FD\page\FD1502.js
16094:P:\workspace\Dev\Koscom\ESLint_Guide\src\FD\page\FD1503.js
16536:P:\workspace\Dev\Koscom\ESLint_Guide\src\FD\page\FD2101.js
16680:P:\workspace\Dev\Koscom\ESLint_Guide\src\FD\page\FD2102.js
16785:P:\workspace\Dev\Koscom\ESLint_Guide\src\FD\page\FD2201.js
16907:P:\workspace\Dev\Koscom\ESLint_Guide\src\FD\page\FD2202.js
16936:P:\workspace\Dev\Koscom\ESLint_Guide\src\FD\page\FD3101.js
17041:P:\workspace\Dev\Koscom\ESLint_Guide\src\FD\page\FD3102.js
17147:P:\workspace\Dev\Koscom\ESLint_Guide\src\FD\page\FD3103.js
17170:P:\workspace\Dev\Koscom\ESLint_Guide\src\FD\page\FD3201.js
17191:P:\workspace\Dev\Koscom\ESLint_Guide\src\FD\page\FD3202.js
17194:P:\workspace\Dev\Koscom\ESLint_Guide\src\FD\page\FD3203.js
17197:P:\workspace\Dev\Koscom\ESLint_Guide\src\FD\page\FD4101.js
17219:P:\workspace\Dev\Koscom\ESLint_Guide\src\FD\page\FD4102.js
17333:P:\workspace\Dev\Koscom\ESLint_Guide\src\FD\page\FD4103.js
17362:P:\workspace\Dev\Koscom\ESLint_Guide\src\FD\page\FD4104.js
17391:P:\workspace\Dev\Koscom\ESLint_Guide\src\FD\page\FD5000.js
17435:P:\workspace\Dev\Koscom\ESLint_Guide\src\FD\page\FD5001.js
17510:P:\workspace\Dev\Koscom\ESLint_Guide\src\FD\page\FD5002.js
17790:P:\workspace\Dev\Koscom\ESLint_Guide\src\FD\page\FD5003.js
18407:P:\workspace\Dev\Koscom\ESLint_Guide\src\FD\page\FD5004.js
18410:P:\workspace\Dev\Koscom\ESLint_Guide\src\FD\page\FD5005.js
18543:P:\workspace\Dev\Koscom\ESLint_Guide\src\FD\page\FD5006.js
18749:P:\workspace\Dev\Koscom\ESLint_Guide\src\FD\page\FD5007.js
18911:P:\workspace\Dev\Koscom\ESLint_Guide\src\FD\page\FD5008.js
19035:P:\workspace\Dev\Koscom\ESLint_Guide\src\FD\page\MS1001.js
19146:P:\workspace\Dev\Koscom\ESLint_Guide\src\FD\page\MS1002.js
19207:P:\workspace\Dev\Koscom\ESLint_Guide\src\FD\page\MS1003.js
19400:P:\workspace\Dev\Koscom\ESLint_Guide\src\FD\page\MS1005.js
19656:P:\workspace\Dev\Koscom\ESLint_Guide\src\FD\page\MS1006.js
19680:P:\workspace\Dev\Koscom\ESLint_Guide\src\FD\page\MS1007.js
19804:P:\workspace\Dev\Koscom\ESLint_Guide\src\FD\page\StyleGuide.js
19815:P:\workspace\Dev\Koscom\ESLint_Guide\src\FD\page\StyleGuide_Select.js
19827:P:\workspace\Dev\Koscom\ESLint_Guide\src\FD\page\StyleGuide_button_title.js
19839:P:\workspace\Dev\Koscom\ESLint_Guide\src\FD\page\StyleGuide_input.js
19851:P:\workspace\Dev\Koscom\ESLint_Guide\src\FD\view\FD0000_L01.js
19864:P:\workspace\Dev\Koscom\ESLint_Guide\src\FD\view\FD0000_V00.js
20033:P:\workspace\Dev\Koscom\ESLint_Guide\src\FD\view\FD0000_V01.js
20214:P:\workspace\Dev\Koscom\ESLint_Guide\src\FD\view\FD0000_V02.js
20304:P:\workspace\Dev\Koscom\ESLint_Guide\src\FD\view\FD0000_V03.js
20395:P:\workspace\Dev\Koscom\ESLint_Guide\src\FD\view\FD0001_V00.js
20448:P:\workspace\Dev\Koscom\ESLint_Guide\src\FD\view\FD0100_T01.js
20635:P:\workspace\Dev\Koscom\ESLint_Guide\src\FD\view\FD0200_V01.js
20783:P:\workspace\Dev\Koscom\ESLint_Guide\src\FD\view\FD0200_V02.js
21450:P:\workspace\Dev\Koscom\ESLint_Guide\src\FD\view\FD0200_V03.js
21600:P:\workspace\Dev\Koscom\ESLint_Guide\src\FD\view\FD0200_V04.js
22333:P:\workspace\Dev\Koscom\ESLint_Guide\src\FD\view\FD0300_L01.js
22362:P:\workspace\Dev\Koscom\ESLint_Guide\src\FD\view\FD1201_T01.js
22808:P:\workspace\Dev\Koscom\ESLint_Guide\src\FD\view\FD1201_T02.js
23031:P:\workspace\Dev\Koscom\ESLint_Guide\src\FD\view\FD1202_T01.js
23055:P:\workspace\Dev\Koscom\ESLint_Guide\src\FD\view\FD1202_T02.js
23079:P:\workspace\Dev\Koscom\ESLint_Guide\src\FD\view\FD1203_T01.js
23103:P:\workspace\Dev\Koscom\ESLint_Guide\src\FD\view\FD1203_T02.js
23127:P:\workspace\Dev\Koscom\ESLint_Guide\src\FD\view\FD1204_T01.js
23234:P:\workspace\Dev\Koscom\ESLint_Guide\src\FD\view\FD1204_T02.js
23397:P:\workspace\Dev\Koscom\ESLint_Guide\src\FD\view\FD1204_V01.js
23429:P:\workspace\Dev\Koscom\ESLint_Guide\src\FD\view\FD1205_T01.js
23456:P:\workspace\Dev\Koscom\ESLint_Guide\src\FD\view\FD1301_T01.js
23483:P:\workspace\Dev\Koscom\ESLint_Guide\src\FD\view\FD1501_L01.js
23520:P:\workspace\Dev\Koscom\ESLint_Guide\src\FD\view\FD2101_T01.js
23548:P:\workspace\Dev\Koscom\ESLint_Guide\src\FD\view\FD2101_T02.js
23572:P:\workspace\Dev\Koscom\ESLint_Guide\src\FD\view\FD2101_V11.js
24206:P:\workspace\Dev\Koscom\ESLint_Guide\src\FD\view\FD2101_V12.js
24555:P:\workspace\Dev\Koscom\ESLint_Guide\src\FD\view\FD2101_V13.js
24614:P:\workspace\Dev\Koscom\ESLint_Guide\src\FD\view\FD2102_T01.js
24638:P:\workspace\Dev\Koscom\ESLint_Guide\src\FD\view\FD2102_T02.js
24662:P:\workspace\Dev\Koscom\ESLint_Guide\src\FD\view\FD2201_T01.js
24841:P:\workspace\Dev\Koscom\ESLint_Guide\src\FD\view\FD2201_T02.js
24887:P:\workspace\Dev\Koscom\ESLint_Guide\src\FD\view\FD2201_V01.js
25056:P:\workspace\Dev\Koscom\ESLint_Guide\src\FD\view\FD2201_V02.js
25456:P:\workspace\Dev\Koscom\ESLint_Guide\src\FD\view\FD3101_T01.js
25480:P:\workspace\Dev\Koscom\ESLint_Guide\src\FD\view\FD3101_T02.js
25504:P:\workspace\Dev\Koscom\ESLint_Guide\src\FD\view\FD3102_T01.js
25528:P:\workspace\Dev\Koscom\ESLint_Guide\src\FD\view\FD3102_T02.js
25552:P:\workspace\Dev\Koscom\ESLint_Guide\src\FD\view\FD3102_T03.js
25576:P:\workspace\Dev\Koscom\ESLint_Guide\src\FD\view\FD3102_T04.js
25600:P:\workspace\Dev\Koscom\ESLint_Guide\src\FD\view\FD3202_L01.js
25790:P:\workspace\Dev\Koscom\ESLint_Guide\src\FD\view\FD3202_L02.js
25807:P:\workspace\Dev\Koscom\ESLint_Guide\src\FD\view\FD3202_T01.js
25900:P:\workspace\Dev\Koscom\ESLint_Guide\src\FD\view\FD3202_T02.js
25997:P:\workspace\Dev\Koscom\ESLint_Guide\src\FD\view\FD3202_V01.js
26432:P:\workspace\Dev\Koscom\ESLint_Guide\src\FD\view\FD3202_V02.js
26551:P:\workspace\Dev\Koscom\ESLint_Guide\src\FD\view\FD3202_V03.js
26802:P:\workspace\Dev\Koscom\ESLint_Guide\src\FD\view\FD3202_V04.js
27042:P:\workspace\Dev\Koscom\ESLint_Guide\src\FD\view\FD3202_V05.js
27226:P:\workspace\Dev\Koscom\ESLint_Guide\src\FD\view\FD3202_V06.js
28016:P:\workspace\Dev\Koscom\ESLint_Guide\src\FD\view\FD3202_V07.js
28701:P:\workspace\Dev\Koscom\ESLint_Guide\src\FD\view\FD3202_V08.js
29467:P:\workspace\Dev\Koscom\ESLint_Guide\src\FD\view\FD3202_V09.js
29540:P:\workspace\Dev\Koscom\ESLint_Guide\src\FD\view\FD3202_V10.js
29959:P:\workspace\Dev\Koscom\ESLint_Guide\src\FD\view\FD3202_V11.js
30364:P:\workspace\Dev\Koscom\ESLint_Guide\src\FD\view\FD3202_V31.js
31090:P:\workspace\Dev\Koscom\ESLint_Guide\src\FD\view\FD3203_L01.js
31229:P:\workspace\Dev\Koscom\ESLint_Guide\src\FD\view\FD3203_L02.js
31333:P:\workspace\Dev\Koscom\ESLint_Guide\src\FD\view\FD3203_L03.js
31377:P:\workspace\Dev\Koscom\ESLint_Guide\src\FD\view\FD3203_L04.js
31454:P:\workspace\Dev\Koscom\ESLint_Guide\src\FD\view\FD4102_T01.js
31748:P:\workspace\Dev\Koscom\ESLint_Guide\src\FD\view\FD4102_T02.js
32045:P:\workspace\Dev\Koscom\ESLint_Guide\src\FD\view\FD4102_T03.js
32250:P:\workspace\Dev\Koscom\ESLint_Guide\src\FD\view\FD4102_V01.js
32389:P:\workspace\Dev\Koscom\ESLint_Guide\src\FD\view\FD4102_V02.js
32458:P:\workspace\Dev\Koscom\ESLint_Guide\src\FD\view\FD4102_V03.js
32500:P:\workspace\Dev\Koscom\ESLint_Guide\src\FD\view\FD5001_T01.js
32526:P:\workspace\Dev\Koscom\ESLint_Guide\src\FD\view\FD5001_T02.js
32550:P:\workspace\Dev\Koscom\ESLint_Guide\src\FD\view\FD5001_V01.js
32682:P:\workspace\Dev\Koscom\ESLint_Guide\src\FD\view\FD5001_V02.js
33099:P:\workspace\Dev\Koscom\ESLint_Guide\src\FD\view\FD5001_V03.js
33528:P:\workspace\Dev\Koscom\ESLint_Guide\src\FD\view\FD5001_V04.js
33616:P:\workspace\Dev\Koscom\ESLint_Guide\src\FD\view\FD5001_V05.js
34243:P:\workspace\Dev\Koscom\ESLint_Guide\src\FD\view\FD5001_V06.js
34326:P:\workspace\Dev\Koscom\ESLint_Guide\src\FD\view\FD5001_V07.js
34528:P:\workspace\Dev\Koscom\ESLint_Guide\src\FD\view\FD5002_L01.js
34585:P:\workspace\Dev\Koscom\ESLint_Guide\src\FD\view\FD5002_T01.js
34606:P:\workspace\Dev\Koscom\ESLint_Guide\src\FD\view\FD5002_T02.js
34627:P:\workspace\Dev\Koscom\ESLint_Guide\src\FD\view\FD5002_T03.js
34858:P:\workspace\Dev\Koscom\ESLint_Guide\src\FD\view\FD5002_V01.js
35208:P:\workspace\Dev\Koscom\ESLint_Guide\src\FD\view\FD5002_V02.js
35225:P:\workspace\Dev\Koscom\ESLint_Guide\src\FD\view\FD5002_V03.js
35498:P:\workspace\Dev\Koscom\ESLint_Guide\src\FD\view\FD5002_V04.js
35515:P:\workspace\Dev\Koscom\ESLint_Guide\src\FD\view\FD5003_L01.js
35593:P:\workspace\Dev\Koscom\ESLint_Guide\src\FD\view\FD5003_T01.js
35833:P:\workspace\Dev\Koscom\ESLint_Guide\src\FD\view\FD5003_T02.js
36322:P:\workspace\Dev\Koscom\ESLint_Guide\src\FD\view\FD5003_T03.js
36325:P:\workspace\Dev\Koscom\ESLint_Guide\src\FD\view\FD5003_V01.js
36417:P:\workspace\Dev\Koscom\ESLint_Guide\src\FD\view\FD5003_V02.js
36524:P:\workspace\Dev\Koscom\ESLint_Guide\src\FD\view\FD5003_V03.js
36693:P:\workspace\Dev\Koscom\ESLint_Guide\src\FD\view\FD5003_V04.js
36858:P:\workspace\Dev\Koscom\ESLint_Guide\src\FD\view\FD5003_V05.js
37570:P:\workspace\Dev\Koscom\ESLint_Guide\src\FD\view\FD5003_V06.js
38253:P:\workspace\Dev\Koscom\ESLint_Guide\src\FD\view\FD5003_V07.js
38290:P:\workspace\Dev\Koscom\ESLint_Guide\src\FD\view\FD5003_V08.js
39074:P:\workspace\Dev\Koscom\ESLint_Guide\src\FD\view\FD5003_V09.js
39137:P:\workspace\Dev\Koscom\ESLint_Guide\src\FD\view\FD5003_V10.js
39589:P:\workspace\Dev\Koscom\ESLint_Guide\src\FD\view\FD5004_L01.js
39680:P:\workspace\Dev\Koscom\ESLint_Guide\src\FD\view\FD5004_T01.js
39849:P:\workspace\Dev\Koscom\ESLint_Guide\src\FD\view\FD5004_T02.js
39868:P:\workspace\Dev\Koscom\ESLint_Guide\src\FD\view\FD5005_T01.js
39893:P:\workspace\Dev\Koscom\ESLint_Guide\src\FD\view\FD5005_T02.js
39917:P:\workspace\Dev\Koscom\ESLint_Guide\src\FD\view\FD5005_V01.js
40403:P:\workspace\Dev\Koscom\ESLint_Guide\src\FD\view\FD5005_V02.js
40519:P:\workspace\Dev\Koscom\ESLint_Guide\src\FD\view\FD5005_V03.js
40597:P:\workspace\Dev\Koscom\ESLint_Guide\src\FD\view\FD5005_V04.js
40828:P:\workspace\Dev\Koscom\ESLint_Guide\src\FD\view\FD5005_V05.js
40945:P:\workspace\Dev\Koscom\ESLint_Guide\src\FD\view\FD5005_V06.js
41000:P:\workspace\Dev\Koscom\ESLint_Guide\src\FD\view\FD5006_T01.js
41309:P:\workspace\Dev\Koscom\ESLint_Guide\src\FD\view\FD5006_T02.js
41683:P:\workspace\Dev\Koscom\ESLint_Guide\src\FD\view\FD5006_T03.js
41922:P:\workspace\Dev\Koscom\ESLint_Guide\src\FD\view\FD5006_V01.js
42172:P:\workspace\Dev\Koscom\ESLint_Guide\src\FD\view\FD5006_V02.js
42266:P:\workspace\Dev\Koscom\ESLint_Guide\src\FD\view\FD5006_V03.js
42302:P:\workspace\Dev\Koscom\ESLint_Guide\src\FD\view\FD5007_L01.js
42352:P:\workspace\Dev\Koscom\ESLint_Guide\src\FD\view\FD5007_L02.js
42491:P:\workspace\Dev\Koscom\ESLint_Guide\src\FD\view\FD5007_L03.js
42513:P:\workspace\Dev\Koscom\ESLint_Guide\src\FD\view\FD5007_T01.js
43048:P:\workspace\Dev\Koscom\ESLint_Guide\src\FD\view\FD5007_T02.js
43153:P:\workspace\Dev\Koscom\ESLint_Guide\src\FD\view\FD5007_T03.js
43215:P:\workspace\Dev\Koscom\ESLint_Guide\src\FD\view\FD5007_T04.js
43257:P:\workspace\Dev\Koscom\ESLint_Guide\src\FD\view\FD5007_T05.js
43321:P:\workspace\Dev\Koscom\ESLint_Guide\src\FD\view\FD5007_T06.js
43784:P:\workspace\Dev\Koscom\ESLint_Guide\src\FD\view\FD5007_T07.js
43952:P:\workspace\Dev\Koscom\ESLint_Guide\src\FD\view\FD5007_T08.js
44143:P:\workspace\Dev\Koscom\ESLint_Guide\src\FD\view\FD5008_L01.js
44207:P:\workspace\Dev\Koscom\ESLint_Guide\src\FD\view\FD5008_L02.js
44307:P:\workspace\Dev\Koscom\ESLint_Guide\src\FD\view\FD5008_T01.js
44715:P:\workspace\Dev\Koscom\ESLint_Guide\src\FD\view\FD5008_T02.js
45062:P:\workspace\Dev\Koscom\ESLint_Guide\src\FD\view\MS1003_T01.js
45755:P:\workspace\Dev\Koscom\ESLint_Guide\src\FD\view\MS1003_T02.js
46447:P:\workspace\Dev\Koscom\ESLint_Guide\src\FD\view\MS1005_L01.js
46464:P:\workspace\Dev\Koscom\ESLint_Guide\src\FD\view\MS1005_L02.js
46523:P:\workspace\Dev\Koscom\ESLint_Guide\src\FD\view\MS1005_L03.js
46551:P:\workspace\Dev\Koscom\ESLint_Guide\src\FD\view\MS1005_T00.js
46628:P:\workspace\Dev\Koscom\ESLint_Guide\src\FD\view\MS1005_T01.js
46809:P:\workspace\Dev\Koscom\ESLint_Guide\src\FD\view\MS1005_T02.js
47283:P:\workspace\Dev\Koscom\ESLint_Guide\src\FD\view\MS1005_T05.js
47454:P:\workspace\Dev\Koscom\ESLint_Guide\src\FD\view\MS1005_T06.js
47893:P:\workspace\Dev\Koscom\ESLint_Guide\src\FD\view\MS1005_T07.js
48378:P:\workspace\Dev\Koscom\ESLint_Guide\src\FD\view\MS1005_T08.js
48834:P:\workspace\Dev\Koscom\ESLint_Guide\src\FD\view\MS1005_T09.js
48925:P:\workspace\Dev\Koscom\ESLint_Guide\src\FD\view\MS1005_T10.js
49277:P:\workspace\Dev\Koscom\ESLint_Guide\src\FD\view\MS1005_T11.js
49887:P:\workspace\Dev\Koscom\ESLint_Guide\src\FD\view\MS1005_T13.js
50762:P:\workspace\Dev\Koscom\ESLint_Guide\src\FD\view\MS1005_T14.js
50841:P:\workspace\Dev\Koscom\ESLint_Guide\src\FD\view\MS1005_T16.js
51150:P:\workspace\Dev\Koscom\ESLint_Guide\src\FD\view\MS1005_V05.js
51160:P:\workspace\Dev\Koscom\ESLint_Guide\src\FD\view\MS1005_V06.js
51398:P:\workspace\Dev\Koscom\ESLint_Guide\src\FD\view\MS1005_V07.js
51408:P:\workspace\Dev\Koscom\ESLint_Guide\src\FD\view\MS1005_V08.js
51425:P:\workspace\Dev\Koscom\ESLint_Guide\src\FD\view\menu.js
51437:P:\workspace\Dev\Koscom\ESLint_Guide\src\FD\window\FD0000_W00.js
51505:P:\workspace\Dev\Koscom\ESLint_Guide\src\FD\window\FD0000_W02.js
51989:P:\workspace\Dev\Koscom\ESLint_Guide\src\FD\window\FD0000_W03.js
52038:P:\workspace\Dev\Koscom\ESLint_Guide\src\FD\window\FD0000_W04.js
52078:P:\workspace\Dev\Koscom\ESLint_Guide\src\FD\window\FD0000_W05.js
52281:P:\workspace\Dev\Koscom\ESLint_Guide\src\FD\window\FD0000_W06.js
52369:P:\workspace\Dev\Koscom\ESLint_Guide\src\FD\window\FD0000_W07.js
52446:P:\workspace\Dev\Koscom\ESLint_Guide\src\FD\window\FD0000_W08.js
52482:P:\workspace\Dev\Koscom\ESLint_Guide\src\FD\window\FD0000_W09.js
52512:P:\workspace\Dev\Koscom\ESLint_Guide\src\FD\window\FD0000_W10.js
52542:P:\workspace\Dev\Koscom\ESLint_Guide\src\FD\window\FD0000_W11.js
52579:P:\workspace\Dev\Koscom\ESLint_Guide\src\FD\window\FD0000_W12.js
52621:P:\workspace\Dev\Koscom\ESLint_Guide\src\FD\window\FD0000_W14.js
52653:P:\workspace\Dev\Koscom\ESLint_Guide\src\FD\window\FD0000_W15.js
52760:P:\workspace\Dev\Koscom\ESLint_Guide\src\FD\window\FD0000_W16.js
52798:P:\workspace\Dev\Koscom\ESLint_Guide\src\FD\window\FD0000_W17.js
52832:P:\workspace\Dev\Koscom\ESLint_Guide\src\FD\window\FD0001_W01.js
52878:P:\workspace\Dev\Koscom\ESLint_Guide\src\FD\window\FD0001_W02.js
53095:P:\workspace\Dev\Koscom\ESLint_Guide\src\FD\window\FD0001_W03.js
53409:P:\workspace\Dev\Koscom\ESLint_Guide\src\FD\window\FD0100_W01.js
53530:P:\workspace\Dev\Koscom\ESLint_Guide\src\FD\window\FD0100_W02.js
53864:P:\workspace\Dev\Koscom\ESLint_Guide\src\FD\window\FD0100_W03.js
53891:P:\workspace\Dev\Koscom\ESLint_Guide\src\FD\window\FD0200_W01.js
53973:P:\workspace\Dev\Koscom\ESLint_Guide\src\FD\window\FD0200_W02.js
54049:P:\workspace\Dev\Koscom\ESLint_Guide\src\FD\window\FD0200_W03.js
54125:P:\workspace\Dev\Koscom\ESLint_Guide\src\FD\window\FD0200_W04.js
54200:P:\workspace\Dev\Koscom\ESLint_Guide\src\FD\window\FD0300_W01.js
54368:P:\workspace\Dev\Koscom\ESLint_Guide\src\FD\window\FD1201_W01.js
54435:P:\workspace\Dev\Koscom\ESLint_Guide\src\FD\window\FD1201_W02.js
54653:P:\workspace\Dev\Koscom\ESLint_Guide\src\FD\window\FD1201_W03.js
54916:P:\workspace\Dev\Koscom\ESLint_Guide\src\FD\window\FD1201_W04.js
55178:P:\workspace\Dev\Koscom\ESLint_Guide\src\FD\window\FD1204_W01.js
55326:P:\workspace\Dev\Koscom\ESLint_Guide\src\FD\window\FD1304_W01.js
55365:P:\workspace\Dev\Koscom\ESLint_Guide\src\FD\window\FD1304_W02.js
55387:P:\workspace\Dev\Koscom\ESLint_Guide\src\FD\window\FD1401_W01.js
55415:P:\workspace\Dev\Koscom\ESLint_Guide\src\FD\window\FD1401_W02.js
55438:P:\workspace\Dev\Koscom\ESLint_Guide\src\FD\window\FD1402_W01.js
55459:P:\workspace\Dev\Koscom\ESLint_Guide\src\FD\window\FD1403_W02.js
55486:P:\workspace\Dev\Koscom\ESLint_Guide\src\FD\window\FD1501_W01.js
55526:P:\workspace\Dev\Koscom\ESLint_Guide\src\FD\window\FD1503_W00.js
55718:P:\workspace\Dev\Koscom\ESLint_Guide\src\FD\window\FD3102_W01.js
55760:P:\workspace\Dev\Koscom\ESLint_Guide\src\FD\window\FD3102_W02.js
55795:P:\workspace\Dev\Koscom\ESLint_Guide\src\FD\window\FD3202_W01.js
56035:P:\workspace\Dev\Koscom\ESLint_Guide\src\FD\window\FD3202_W02.js
56094:P:\workspace\Dev\Koscom\ESLint_Guide\src\FD\window\FD3202_W03.js
56193:P:\workspace\Dev\Koscom\ESLint_Guide\src\FD\window\FD3202_W04.js
56247:P:\workspace\Dev\Koscom\ESLint_Guide\src\FD\window\FD3202_W05.js
56343:P:\workspace\Dev\Koscom\ESLint_Guide\src\FD\window\FD3202_W06.js
56389:P:\workspace\Dev\Koscom\ESLint_Guide\src\FD\window\FD3202_W07.js
56477:P:\workspace\Dev\Koscom\ESLint_Guide\src\FD\window\FD3202_W08.js
56502:P:\workspace\Dev\Koscom\ESLint_Guide\src\FD\window\FD3202_W09.js
56548:P:\workspace\Dev\Koscom\ESLint_Guide\src\FD\window\FD3202_W10.js
56669:P:\workspace\Dev\Koscom\ESLint_Guide\src\FD\window\FD3202_W11.js
56696:P:\workspace\Dev\Koscom\ESLint_Guide\src\FD\window\FD3202_W12.js
56854:P:\workspace\Dev\Koscom\ESLint_Guide\src\FD\window\FD3203_W01.js
57553:P:\workspace\Dev\Koscom\ESLint_Guide\src\FD\window\FD4102_W01.js
57740:P:\workspace\Dev\Koscom\ESLint_Guide\src\FD\window\FD4102_W02.js
58106:P:\workspace\Dev\Koscom\ESLint_Guide\src\FD\window\FD4102_W03.js
58233:P:\workspace\Dev\Koscom\ESLint_Guide\src\FD\window\FD5000_W01.js
58779:P:\workspace\Dev\Koscom\ESLint_Guide\src\FD\window\FD5000_W02.js
58813:P:\workspace\Dev\Koscom\ESLint_Guide\src\FD\window\FD5001_W01.js
58854:P:\workspace\Dev\Koscom\ESLint_Guide\src\FD\window\FD5001_W02.js
58995:P:\workspace\Dev\Koscom\ESLint_Guide\src\FD\window\FD5001_W03.js
59034:P:\workspace\Dev\Koscom\ESLint_Guide\src\FD\window\FD5001_W04.js
59172:P:\workspace\Dev\Koscom\ESLint_Guide\src\FD\window\FD5001_W05.js
59207:P:\workspace\Dev\Koscom\ESLint_Guide\src\FD\window\FD5001_W06.js
59249:P:\workspace\Dev\Koscom\ESLint_Guide\src\FD\window\FD5002_W01.js
59269:P:\workspace\Dev\Koscom\ESLint_Guide\src\FD\window\FD5002_W02.js
59295:P:\workspace\Dev\Koscom\ESLint_Guide\src\FD\window\FD5002_W03.js
59477:P:\workspace\Dev\Koscom\ESLint_Guide\src\FD\window\FD5002_W04.js
59500:P:\workspace\Dev\Koscom\ESLint_Guide\src\FD\window\FD5003_W01.js
59709:P:\workspace\Dev\Koscom\ESLint_Guide\src\FD\window\FD5003_W02.js
59917:P:\workspace\Dev\Koscom\ESLint_Guide\src\FD\window\FD5003_W03.js
59946:P:\workspace\Dev\Koscom\ESLint_Guide\src\FD\window\FD5004_W01.js
60688:P:\workspace\Dev\Koscom\ESLint_Guide\src\FD\window\FD5005_W01.js
60733:P:\workspace\Dev\Koscom\ESLint_Guide\src\FD\window\FD5006_W01.js
60793:P:\workspace\Dev\Koscom\ESLint_Guide\src\FD\window\FD5006_W02.js
60978:P:\workspace\Dev\Koscom\ESLint_Guide\src\FD\window\FD5007_W01.js
61109:P:\workspace\Dev\Koscom\ESLint_Guide\src\FD\window\FD5007_W02.js
61285:P:\workspace\Dev\Koscom\ESLint_Guide\src\FD\window\FD5007_W03.js
61322:P:\workspace\Dev\Koscom\ESLint_Guide\src\FD\window\FD5007_W04.js
61504:P:\workspace\Dev\Koscom\ESLint_Guide\src\FD\window\FD5008_W01.js
61563:P:\workspace\Dev\Koscom\ESLint_Guide\src\FD\window\FD5008_W02.js
61791:P:\workspace\Dev\Koscom\ESLint_Guide\src\FD\window\FD5008_W03.js
62055:P:\workspace\Dev\Koscom\ESLint_Guide\src\FD\window\FD5008_W04.js
62304:P:\workspace\Dev\Koscom\ESLint_Guide\src\FD\window\MS0000_W00.js
62390:P:\workspace\Dev\Koscom\ESLint_Guide\src\FD\window\MS0000_W09.js
62421:P:\workspace\Dev\Koscom\ESLint_Guide\src\FD\window\MS0000_W10.js
62452:P:\workspace\Dev\Koscom\ESLint_Guide\src\FD\window\MS1005_W00.js
62520:P:\workspace\Dev\Koscom\ESLint_Guide\src\FD\window\MS1005_W01.js
62608:P:\workspace\Dev\Koscom\ESLint_Guide\src\FD\window\MS1005_W02.js
62645:P:\workspace\Dev\Koscom\ESLint_Guide\src\FD\window\MS1005_W03.js
62702:P:\workspace\Dev\Koscom\ESLint_Guide\src\FD\window\MS1005_W04.js
62928:P:\workspace\Dev\Koscom\ESLint_Guide\src\FD\window\MS1005_W05.js
62952:P:\workspace\Dev\Koscom\ESLint_Guide\src\FD\window\MS1005_W06.js
62977:P:\workspace\Dev\Koscom\ESLint_Guide\src\FD\window\MS1005_W07.js
63013:P:\workspace\Dev\Koscom\ESLint_Guide\src\FD\window\MS1005_W08.js
63036:P:\workspace\Dev\Koscom\ESLint_Guide\src\FD\window\MS1005_W09.js
63060:P:\workspace\Dev\Koscom\ESLint_Guide\src\FD\window\MS1005_W12.js
63122:P:\workspace\Dev\Koscom\ESLint_Guide\src\FD\window\MS1005_W15.js
63293:P:\workspace\Dev\Koscom\ESLint_Guide\src\FD\window\MS1005_W16.js
63331:P:\workspace\Dev\Koscom\ESLint_Guide\src\FD\window\MS1005_W17.js
63491:P:\workspace\Dev\Koscom\ESLint_Guide\src\FD\window\MS1005_W18.js
63518:P:\workspace\Dev\Koscom\ESLint_Guide\src\FD\window\MS1005_W19.js
63567:P:\workspace\Dev\Koscom\ESLint_Guide\src\FD\window\MS1005_W20.js
63589:P:\workspace\Dev\Koscom\ESLint_Guide\src\FD\window\MS1005_W21.js
63611:P:\workspace\Dev\Koscom\ESLint_Guide\src\FUNDMobileApp.js
64998:P:\workspace\Dev\Koscom\ESLint_Guide\src\MainPage.js
